                                      1 ;--------------------------------------------------------
                                      2 ; File Created by SDCC : free open source ANSI-C Compiler
                                      3 ; Version 3.5.0 #9253 (Jun 20 2015) (MINGW64)
                                      4 ; This file was generated Sun May 15 20:26:31 2016
                                      5 ;--------------------------------------------------------
                                      6 	.module timer
                                      7 	.optsdcc -mmcs51 --model-small
                                      8 	
                                      9 ;--------------------------------------------------------
                                     10 ; Public variables in this module
                                     11 ;--------------------------------------------------------
                                     12 	.globl _main
                                     13 	.globl _CY
                                     14 	.globl _AC
                                     15 	.globl _F0
                                     16 	.globl _RS1
                                     17 	.globl _RS0
                                     18 	.globl _OV
                                     19 	.globl _F1
                                     20 	.globl _P
                                     21 	.globl _PS
                                     22 	.globl _PT1
                                     23 	.globl _PX1
                                     24 	.globl _PT0
                                     25 	.globl _PX0
                                     26 	.globl _RD
                                     27 	.globl _WR
                                     28 	.globl _T1
                                     29 	.globl _T0
                                     30 	.globl _INT1
                                     31 	.globl _INT0
                                     32 	.globl _TXD
                                     33 	.globl _RXD
                                     34 	.globl _P3_7
                                     35 	.globl _P3_6
                                     36 	.globl _P3_5
                                     37 	.globl _P3_4
                                     38 	.globl _P3_3
                                     39 	.globl _P3_2
                                     40 	.globl _P3_1
                                     41 	.globl _P3_0
                                     42 	.globl _EA
                                     43 	.globl _ES
                                     44 	.globl _ET1
                                     45 	.globl _EX1
                                     46 	.globl _ET0
                                     47 	.globl _EX0
                                     48 	.globl _P2_7
                                     49 	.globl _P2_6
                                     50 	.globl _P2_5
                                     51 	.globl _P2_4
                                     52 	.globl _P2_3
                                     53 	.globl _P2_2
                                     54 	.globl _P2_1
                                     55 	.globl _P2_0
                                     56 	.globl _SM0
                                     57 	.globl _SM1
                                     58 	.globl _SM2
                                     59 	.globl _REN
                                     60 	.globl _TB8
                                     61 	.globl _RB8
                                     62 	.globl _TI
                                     63 	.globl _RI
                                     64 	.globl _P1_7
                                     65 	.globl _P1_6
                                     66 	.globl _P1_5
                                     67 	.globl _P1_4
                                     68 	.globl _P1_3
                                     69 	.globl _P1_2
                                     70 	.globl _P1_1
                                     71 	.globl _P1_0
                                     72 	.globl _TF1
                                     73 	.globl _TR1
                                     74 	.globl _TF0
                                     75 	.globl _TR0
                                     76 	.globl _IE1
                                     77 	.globl _IT1
                                     78 	.globl _IE0
                                     79 	.globl _IT0
                                     80 	.globl _P0_7
                                     81 	.globl _P0_6
                                     82 	.globl _P0_5
                                     83 	.globl _P0_4
                                     84 	.globl _P0_3
                                     85 	.globl _P0_2
                                     86 	.globl _P0_1
                                     87 	.globl _P0_0
                                     88 	.globl _B
                                     89 	.globl _ACC
                                     90 	.globl _PSW
                                     91 	.globl _IP
                                     92 	.globl _P3
                                     93 	.globl _IE
                                     94 	.globl _P2
                                     95 	.globl _SBUF
                                     96 	.globl _SCON
                                     97 	.globl _P1
                                     98 	.globl _TH1
                                     99 	.globl _TH0
                                    100 	.globl _TL1
                                    101 	.globl _TL0
                                    102 	.globl _TMOD
                                    103 	.globl _TCON
                                    104 	.globl _PCON
                                    105 	.globl _DPH
                                    106 	.globl _DPL
                                    107 	.globl _SP
                                    108 	.globl _P0
                                    109 	.globl _timer_delay
                                    110 ;--------------------------------------------------------
                                    111 ; special function registers
                                    112 ;--------------------------------------------------------
                                    113 	.area RSEG    (ABS,DATA)
      000000                        114 	.org 0x0000
                           000080   115 _P0	=	0x0080
                           000081   116 _SP	=	0x0081
                           000082   117 _DPL	=	0x0082
                           000083   118 _DPH	=	0x0083
                           000087   119 _PCON	=	0x0087
                           000088   120 _TCON	=	0x0088
                           000089   121 _TMOD	=	0x0089
                           00008A   122 _TL0	=	0x008a
                           00008B   123 _TL1	=	0x008b
                           00008C   124 _TH0	=	0x008c
                           00008D   125 _TH1	=	0x008d
                           000090   126 _P1	=	0x0090
                           000098   127 _SCON	=	0x0098
                           000099   128 _SBUF	=	0x0099
                           0000A0   129 _P2	=	0x00a0
                           0000A8   130 _IE	=	0x00a8
                           0000B0   131 _P3	=	0x00b0
                           0000B8   132 _IP	=	0x00b8
                           0000D0   133 _PSW	=	0x00d0
                           0000E0   134 _ACC	=	0x00e0
                           0000F0   135 _B	=	0x00f0
                                    136 ;--------------------------------------------------------
                                    137 ; special function bits
                                    138 ;--------------------------------------------------------
                                    139 	.area RSEG    (ABS,DATA)
      000000                        140 	.org 0x0000
                           000080   141 _P0_0	=	0x0080
                           000081   142 _P0_1	=	0x0081
                           000082   143 _P0_2	=	0x0082
                           000083   144 _P0_3	=	0x0083
                           000084   145 _P0_4	=	0x0084
                           000085   146 _P0_5	=	0x0085
                           000086   147 _P0_6	=	0x0086
                           000087   148 _P0_7	=	0x0087
                           000088   149 _IT0	=	0x0088
                           000089   150 _IE0	=	0x0089
                           00008A   151 _IT1	=	0x008a
                           00008B   152 _IE1	=	0x008b
                           00008C   153 _TR0	=	0x008c
                           00008D   154 _TF0	=	0x008d
                           00008E   155 _TR1	=	0x008e
                           00008F   156 _TF1	=	0x008f
                           000090   157 _P1_0	=	0x0090
                           000091   158 _P1_1	=	0x0091
                           000092   159 _P1_2	=	0x0092
                           000093   160 _P1_3	=	0x0093
                           000094   161 _P1_4	=	0x0094
                           000095   162 _P1_5	=	0x0095
                           000096   163 _P1_6	=	0x0096
                           000097   164 _P1_7	=	0x0097
                           000098   165 _RI	=	0x0098
                           000099   166 _TI	=	0x0099
                           00009A   167 _RB8	=	0x009a
                           00009B   168 _TB8	=	0x009b
                           00009C   169 _REN	=	0x009c
                           00009D   170 _SM2	=	0x009d
                           00009E   171 _SM1	=	0x009e
                           00009F   172 _SM0	=	0x009f
                           0000A0   173 _P2_0	=	0x00a0
                           0000A1   174 _P2_1	=	0x00a1
                           0000A2   175 _P2_2	=	0x00a2
                           0000A3   176 _P2_3	=	0x00a3
                           0000A4   177 _P2_4	=	0x00a4
                           0000A5   178 _P2_5	=	0x00a5
                           0000A6   179 _P2_6	=	0x00a6
                           0000A7   180 _P2_7	=	0x00a7
                           0000A8   181 _EX0	=	0x00a8
                           0000A9   182 _ET0	=	0x00a9
                           0000AA   183 _EX1	=	0x00aa
                           0000AB   184 _ET1	=	0x00ab
                           0000AC   185 _ES	=	0x00ac
                           0000AF   186 _EA	=	0x00af
                           0000B0   187 _P3_0	=	0x00b0
                           0000B1   188 _P3_1	=	0x00b1
                           0000B2   189 _P3_2	=	0x00b2
                           0000B3   190 _P3_3	=	0x00b3
                           0000B4   191 _P3_4	=	0x00b4
                           0000B5   192 _P3_5	=	0x00b5
                           0000B6   193 _P3_6	=	0x00b6
                           0000B7   194 _P3_7	=	0x00b7
                           0000B0   195 _RXD	=	0x00b0
                           0000B1   196 _TXD	=	0x00b1
                           0000B2   197 _INT0	=	0x00b2
                           0000B3   198 _INT1	=	0x00b3
                           0000B4   199 _T0	=	0x00b4
                           0000B5   200 _T1	=	0x00b5
                           0000B6   201 _WR	=	0x00b6
                           0000B7   202 _RD	=	0x00b7
                           0000B8   203 _PX0	=	0x00b8
                           0000B9   204 _PT0	=	0x00b9
                           0000BA   205 _PX1	=	0x00ba
                           0000BB   206 _PT1	=	0x00bb
                           0000BC   207 _PS	=	0x00bc
                           0000D0   208 _P	=	0x00d0
                           0000D1   209 _F1	=	0x00d1
                           0000D2   210 _OV	=	0x00d2
                           0000D3   211 _RS0	=	0x00d3
                           0000D4   212 _RS1	=	0x00d4
                           0000D5   213 _F0	=	0x00d5
                           0000D6   214 _AC	=	0x00d6
                           0000D7   215 _CY	=	0x00d7
                                    216 ;--------------------------------------------------------
                                    217 ; overlayable register banks
                                    218 ;--------------------------------------------------------
                                    219 	.area REG_BANK_0	(REL,OVR,DATA)
      000000                        220 	.ds 8
                                    221 ;--------------------------------------------------------
                                    222 ; internal ram data
                                    223 ;--------------------------------------------------------
                                    224 	.area DSEG    (DATA)
                                    225 ;--------------------------------------------------------
                                    226 ; overlayable items in internal ram 
                                    227 ;--------------------------------------------------------
                                    228 	.area	OSEG    (OVR,DATA)
                                    229 ;--------------------------------------------------------
                                    230 ; Stack segment in internal ram 
                                    231 ;--------------------------------------------------------
                                    232 	.area	SSEG
      000000                        233 __start__stack:
      000000                        234 	.ds	1
                                    235 
                                    236 ;--------------------------------------------------------
                                    237 ; indirectly addressable internal ram data
                                    238 ;--------------------------------------------------------
                                    239 	.area ISEG    (DATA)
                                    240 ;--------------------------------------------------------
                                    241 ; absolute internal ram data
                                    242 ;--------------------------------------------------------
                                    243 	.area IABS    (ABS,DATA)
                                    244 	.area IABS    (ABS,DATA)
                                    245 ;--------------------------------------------------------
                                    246 ; bit data
                                    247 ;--------------------------------------------------------
                                    248 	.area BSEG    (BIT)
                                    249 ;--------------------------------------------------------
                                    250 ; paged external ram data
                                    251 ;--------------------------------------------------------
                                    252 	.area PSEG    (PAG,XDATA)
                                    253 ;--------------------------------------------------------
                                    254 ; external ram data
                                    255 ;--------------------------------------------------------
                                    256 	.area XSEG    (XDATA)
                                    257 ;--------------------------------------------------------
                                    258 ; absolute external ram data
                                    259 ;--------------------------------------------------------
                                    260 	.area XABS    (ABS,XDATA)
                                    261 ;--------------------------------------------------------
                                    262 ; external initialized ram data
                                    263 ;--------------------------------------------------------
                                    264 	.area XISEG   (XDATA)
                                    265 	.area HOME    (CODE)
                                    266 	.area GSINIT0 (CODE)
                                    267 	.area GSINIT1 (CODE)
                                    268 	.area GSINIT2 (CODE)
                                    269 	.area GSINIT3 (CODE)
                                    270 	.area GSINIT4 (CODE)
                                    271 	.area GSINIT5 (CODE)
                                    272 	.area GSINIT  (CODE)
                                    273 	.area GSFINAL (CODE)
                                    274 	.area CSEG    (CODE)
                                    275 ;--------------------------------------------------------
                                    276 ; interrupt vector 
                                    277 ;--------------------------------------------------------
                                    278 	.area HOME    (CODE)
      000000                        279 __interrupt_vect:
      000000 02r00r00         [24]  280 	ljmp	__sdcc_gsinit_startup
                                    281 ;--------------------------------------------------------
                                    282 ; global & static initialisations
                                    283 ;--------------------------------------------------------
                                    284 	.area HOME    (CODE)
                                    285 	.area GSINIT  (CODE)
                                    286 	.area GSFINAL (CODE)
                                    287 	.area GSINIT  (CODE)
                                    288 	.globl __sdcc_gsinit_startup
                                    289 	.globl __sdcc_program_startup
                                    290 	.globl __start__stack
                                    291 	.globl __mcs51_genXINIT
                                    292 	.globl __mcs51_genXRAMCLEAR
                                    293 	.globl __mcs51_genRAMCLEAR
                                    294 	.area GSFINAL (CODE)
      000000 02r00r03         [24]  295 	ljmp	__sdcc_program_startup
                                    296 ;--------------------------------------------------------
                                    297 ; Home
                                    298 ;--------------------------------------------------------
                                    299 	.area HOME    (CODE)
                                    300 	.area HOME    (CODE)
      000003                        301 __sdcc_program_startup:
      000003 02r00r00         [24]  302 	ljmp	_main
                                    303 ;	return from main will return to caller
                                    304 ;--------------------------------------------------------
                                    305 ; code
                                    306 ;--------------------------------------------------------
                                    307 	.area CSEG    (CODE)
                                    308 ;------------------------------------------------------------
                                    309 ;Allocation info for local variables in function 'main'
                                    310 ;------------------------------------------------------------
                                    311 ;count                     Allocated to registers 
                                    312 ;------------------------------------------------------------
                                    313 ;	timer.c:16: void main(void) {
                                    314 ;	-----------------------------------------
                                    315 ;	 function main
                                    316 ;	-----------------------------------------
      000000                        317 _main:
                           000007   318 	ar7 = 0x07
                           000006   319 	ar6 = 0x06
                           000005   320 	ar5 = 0x05
                           000004   321 	ar4 = 0x04
                           000003   322 	ar3 = 0x03
                           000002   323 	ar2 = 0x02
                           000001   324 	ar1 = 0x01
                           000000   325 	ar0 = 0x00
                                    326 ;	timer.c:20: while (1){
      000000 7F 00            [12]  327 	mov	r7,#0x00
      000002                        328 00102$:
                                    329 ;	timer.c:22: P1 = ~ count;
      000002 EF               [12]  330 	mov	a,r7
      000003 F4               [12]  331 	cpl	a
      000004 F5 90            [12]  332 	mov	_P1,a
                                    333 ;	timer.c:23: timer_delay();
      000006 C0 07            [24]  334 	push	ar7
      000008 12r00r10         [24]  335 	lcall	_timer_delay
      00000B D0 07            [24]  336 	pop	ar7
                                    337 ;	timer.c:24: count++;
      00000D 0F               [12]  338 	inc	r7
      00000E 80 F2            [24]  339 	sjmp	00102$
                                    340 ;------------------------------------------------------------
                                    341 ;Allocation info for local variables in function 'timer_delay'
                                    342 ;------------------------------------------------------------
                                    343 ;a                         Allocated to registers r7 
                                    344 ;------------------------------------------------------------
                                    345 ;	timer.c:30: void timer_delay(void){
                                    346 ;	-----------------------------------------
                                    347 ;	 function timer_delay
                                    348 ;	-----------------------------------------
      000010                        349 _timer_delay:
                                    350 ;	timer.c:33: TMOD = 0x01;
      000010 75 89 01         [24]  351 	mov	_TMOD,#0x01
                                    352 ;	timer.c:34: while (a != 0){
      000013 7F 14            [12]  353 	mov	r7,#0x14
      000015                        354 00104$:
      000015 EF               [12]  355 	mov	a,r7
      000016 60 12            [24]  356 	jz	00107$
                                    357 ;	timer.c:35: TL0 = 0xAF;
      000018 75 8A AF         [24]  358 	mov	_TL0,#0xAF
                                    359 ;	timer.c:36: TH0 = 0x3C;
      00001B 75 8C 3C         [24]  360 	mov	_TH0,#0x3C
                                    361 ;	timer.c:37: TR0 = 1;
      00001E D2 8C            [12]  362 	setb	_TR0
                                    363 ;	timer.c:38: while (!TF0) ;
      000020                        364 00101$:
      000020 30 8D FD         [24]  365 	jnb	_TF0,00101$
                                    366 ;	timer.c:39: TR0 = 0;
      000023 C2 8C            [12]  367 	clr	_TR0
                                    368 ;	timer.c:40: TF0 = 0;
      000025 C2 8D            [12]  369 	clr	_TF0
                                    370 ;	timer.c:41: a = a-1;
      000027 1F               [12]  371 	dec	r7
      000028 80 EB            [24]  372 	sjmp	00104$
      00002A                        373 00107$:
      00002A 22               [24]  374 	ret
                                    375 	.area CSEG    (CODE)
                                    376 	.area CONST   (CODE)
                                    377 	.area XINIT   (CODE)
                                    378 	.area CABS    (ABS,CODE)
